<?xml version="1.0" encoding="utf-8"?><testsuites name="pytest tests"><testsuite name="pytest" errors="0" failures="0" skipped="0" tests="68" time="18.442" timestamp="2026-09-20T00:45:32.882913+00:00" hostname="localhost"><testcase classname="tests.test_api" name="test_setup_and_secure_cookie_headers" time="0.273" /><testcase classname="tests.test_api" name="test_setup_cannot_be_reused" time="0.315" /><testcase classname="tests.test_api" name="test_unauthenticated_cannot_access_any_data" time="0.194" /><testcase classname="tests.test_api" name="test_wrong_origin_and_missing_csrf_blocked" time="0.135" /><testcase classname="tests.test_api" name="test_login_uses_generic_error_and_no_password_echo" time="0.423" /><testcase classname="tests.test_api" name="test_password_is_argon2id_not_plaintext" time="0.151" /><testcase classname="tests.test_api" name="test_client_persisted_between_independent_sessions" time="0.516" /><testcase classname="tests.test_api" name="test_allowed_create_update_and_server_timestamps" time="0.149" /><testcase classname="tests.test_api" name="test_atomic_rollback_on_invalid_child" time="0.154" /><testcase classname="tests.test_api" name="test_invalid_fields_rejected_on_server[clients-name-]" time="0.152" /><testcase classname="tests.test_api" name="test_invalid_fields_rejected_on_server[clients-email-invalid-email]" time="0.177" /><testcase classname="tests.test_api" name="test_invalid_fields_rejected_on_server[clients-website-javascript:alert(1)]" time="0.172" /><testcase classname="tests.test_api" name="test_invalid_fields_rejected_on_server[deals-nextAction-]" time="0.146" /><testcase classname="tests.test_api" name="test_invalid_fields_rejected_on_server[deals-valueCents-1.25]" time="0.134" /><testcase classname="tests.test_api" name="test_invalid_fields_rejected_on_server[deals-valueCents-True]" time="0.161" /><testcase classname="tests.test_api" name="test_invalid_fields_rejected_on_server[deals-stage-unknown]" time="0.155" /><testcase classname="tests.test_api" name="test_invalid_fields_rejected_on_server[projects-dueDate-2026-02-30]" time="0.157" /><testcase classname="tests.test_api" name="test_invalid_fields_rejected_on_server[tasks-spentHours--2]" time="0.149" /><testcase classname="tests.test_api" name="test_invalid_fields_rejected_on_server[contracts-dueDay-32]" time="0.178" /><testcase classname="tests.test_api" name="test_invalid_fields_rejected_on_server[entries-valueCents-0]" time="0.161" /><testcase classname="tests.test_api" name="test_lost_deal_needs_reason" time="0.136" /><testcase classname="tests.test_api" name="test_future_payment_rejected_without_partial_write" time="0.140" /><testcase classname="tests.test_api" name="test_same_record_optimistic_conflict" time="0.169" /><testcase classname="tests.test_api" name="test_distinct_records_do_not_have_false_conflicts" time="0.118" /><testcase classname="tests.test_api" name="test_concurrent_sessions_only_one_wins_same_record" time="0.292" /><testcase classname="tests.test_api" name="test_idempotency_replay_does_not_duplicate" time="0.118" /><testcase classname="tests.test_api" name="test_delete_referenced_client_blocked" time="0.126" /><testcase classname="tests.test_api" name="test_cross_client_relation_rejected" time="0.104" /><testcase classname="tests.test_api" name="test_accept_proposal_requires_atomic_sale_transition" time="0.255" /><testcase classname="tests.test_api" name="test_discount_and_proposal_code_rules" time="0.166" /><testcase classname="tests.test_api" name="test_recurring_duplicate_and_link_lock" time="0.163" /><testcase classname="tests.test_api" name="test_role_write_boundaries[sales-entries]" time="0.519" /><testcase classname="tests.test_api" name="test_role_write_boundaries[operations-deals]" time="0.569" /><testcase classname="tests.test_api" name="test_role_write_boundaries[finance-proposals]" time="0.396" /><testcase classname="tests.test_api" name="test_role_write_boundaries[operations-clients]" time="0.370" /><testcase classname="tests.test_api" name="test_role_write_boundaries[finance-tasks]" time="0.483" /><testcase classname="tests.test_api" name="test_hidden_modules_not_returned_by_api" time="1.170" /><testcase classname="tests.test_api" name="test_operations_budget_redaction_and_preservation" time="0.404" /><testcase classname="tests.test_api" name="test_finance_can_write_ledger_not_clients" time="0.365" /><testcase classname="tests.test_api" name="test_activity_financial_visibility_and_idor" time="0.422" /><testcase classname="tests.test_api" name="test_admin_audit_records_actor_and_fields" time="0.132" /><testcase classname="tests.test_api" name="test_last_admin_guard" time="0.128" /><testcase classname="tests.test_api" name="test_disable_user_revokes_existing_sessions" time="0.458" /><testcase classname="tests.test_api" name="test_role_change_revokes_sessions_immediately" time="0.377" /><testcase classname="tests.test_api" name="test_reset_token_one_time_and_new_password" time="0.576" /><testcase classname="tests.test_api" name="test_expired_reset_token_rejected" time="0.413" /><testcase classname="tests.test_api" name="test_change_password_rotates_current_session_revokes_others" time="0.415" /><testcase classname="tests.test_api" name="test_logout_invalidates_server_session" time="0.103" /><testcase classname="tests.test_api" name="test_absolute_and_idle_session_expiry" time="0.095" /><testcase classname="tests.test_api" name="test_rate_limit_survives_clients" time="1.132" /><testcase classname="tests.test_api" name="test_backup_excludes_auth_and_restores_business_links" time="0.148" /><testcase classname="tests.test_api" name="test_import_legacy_visibility_conservative" time="0.403" /><testcase classname="tests.test_api" name="test_restore_detects_change_after_preview" time="0.113" /><testcase classname="tests.test_api" name="test_invalid_import_does_not_replace" time="0.124" /><testcase classname="tests.test_api" name="test_settings_revision_conflict" time="0.111" /><testcase classname="tests.test_api" name="test_unknown_and_polluting_properties_rejected" time="0.125" /><testcase classname="tests.test_api" name="test_static_allowlist_and_host_check" time="0.114" /><testcase classname="tests.test_api" name="test_request_size_limit" time="0.109" /><testcase classname="tests.test_backup" name="test_backup_json_and_full_db" time="0.110" /><testcase classname="tests.test_backup" name="test_business_only_backup" time="0.098" /><testcase classname="tests.test_backup" name="test_backup_retention_preserves_recovery_files" time="0.121" /><testcase classname="tests.test_backup" name="test_offline_full_restore_revokes_sessions_and_preserves_accounts" time="0.120" /><testcase classname="tests.test_backup" name="test_restore_requires_explicit_confirmation_and_stopped_server" time="0.102" /><testcase classname="tests.test_backup" name="test_restore_rejects_non_crm_database" time="0.115" /><testcase classname="tests.test_backup" name="test_failed_backup_does_not_publish_manifest" time="0.089" /><testcase classname="tests.test_backup" name="test_minimum_backup_retention" time="0.092" /><testcase classname="tests.test_backup" name="test_console_recovery_issues_audited_one_use_token" time="0.183" /><testcase classname="tests.test_launcher" name="test_launcher_http_setup_and_automatic_backup" time="1.729" /></testsuite></testsuites>