<?xml version="1.0" encoding="utf-8"?><testsuites name="pytest tests"><testsuite name="pytest" errors="0" failures="0" skipped="0" tests="100" time="20.173" timestamp="2026-09-20T01:26:09.599670+00:00" hostname="localhost"><testcase classname="tests.test_api" name="test_setup_and_secure_cookie_headers" time="0.305" /><testcase classname="tests.test_api" name="test_setup_cannot_be_reused" time="0.216" /><testcase classname="tests.test_api" name="test_unauthenticated_cannot_access_any_data" time="0.132" /><testcase classname="tests.test_api" name="test_wrong_origin_and_missing_csrf_blocked" time="0.129" /><testcase classname="tests.test_api" name="test_login_uses_generic_error_and_no_password_echo" time="0.346" /><testcase classname="tests.test_api" name="test_password_is_argon2id_not_plaintext" time="0.118" /><testcase classname="tests.test_api" name="test_client_persisted_between_independent_sessions" time="0.474" /><testcase classname="tests.test_api" name="test_allowed_create_update_and_server_timestamps" time="0.173" /><testcase classname="tests.test_api" name="test_atomic_rollback_on_invalid_child" time="0.138" /><testcase classname="tests.test_api" name="test_invalid_fields_rejected_on_server[clients-name-]" time="0.141" /><testcase classname="tests.test_api" name="test_invalid_fields_rejected_on_server[clients-email-invalid-email]" time="0.156" /><testcase classname="tests.test_api" name="test_invalid_fields_rejected_on_server[clients-website-javascript:alert(1)]" time="0.149" /><testcase classname="tests.test_api" name="test_invalid_fields_rejected_on_server[deals-nextAction-]" time="0.155" /><testcase classname="tests.test_api" name="test_invalid_fields_rejected_on_server[deals-valueCents-1.25]" time="0.134" /><testcase classname="tests.test_api" name="test_invalid_fields_rejected_on_server[deals-valueCents-True]" time="0.150" /><testcase classname="tests.test_api" name="test_invalid_fields_rejected_on_server[deals-stage-unknown]" time="0.133" /><testcase classname="tests.test_api" name="test_invalid_fields_rejected_on_server[projects-dueDate-2026-02-30]" time="0.151" /><testcase classname="tests.test_api" name="test_invalid_fields_rejected_on_server[tasks-spentHours--2]" time="0.129" /><testcase classname="tests.test_api" name="test_invalid_fields_rejected_on_server[contracts-dueDay-32]" time="0.150" /><testcase classname="tests.test_api" name="test_invalid_fields_rejected_on_server[entries-valueCents-0]" time="0.160" /><testcase classname="tests.test_api" name="test_lost_deal_needs_reason" time="0.134" /><testcase classname="tests.test_api" name="test_future_payment_rejected_without_partial_write" time="0.132" /><testcase classname="tests.test_api" name="test_same_record_optimistic_conflict" time="0.159" /><testcase classname="tests.test_api" name="test_distinct_records_do_not_have_false_conflicts" time="0.158" /><testcase classname="tests.test_api" name="test_concurrent_sessions_only_one_wins_same_record" time="0.371" /><testcase classname="tests.test_api" name="test_idempotency_replay_does_not_duplicate" time="0.260" /><testcase classname="tests.test_api" name="test_delete_referenced_client_blocked" time="0.163" /><testcase classname="tests.test_api" name="test_cross_client_relation_rejected" time="0.132" /><testcase classname="tests.test_api" name="test_accept_proposal_requires_atomic_sale_transition" time="0.150" /><testcase classname="tests.test_api" name="test_discount_and_proposal_code_rules" time="0.146" /><testcase classname="tests.test_api" name="test_recurring_duplicate_and_link_lock" time="0.153" /><testcase classname="tests.test_api" name="test_role_write_boundaries[sales-entries]" time="0.464" /><testcase classname="tests.test_api" name="test_role_write_boundaries[operations-deals]" time="0.495" /><testcase classname="tests.test_api" name="test_role_write_boundaries[finance-proposals]" time="0.492" /><testcase classname="tests.test_api" name="test_role_write_boundaries[operations-clients]" time="0.473" /><testcase classname="tests.test_api" name="test_role_write_boundaries[finance-tasks]" time="0.442" /><testcase classname="tests.test_api" name="test_hidden_modules_not_returned_by_api" time="1.130" /><testcase classname="tests.test_api" name="test_operations_budget_redaction_and_preservation" time="0.517" /><testcase classname="tests.test_api" name="test_finance_can_write_ledger_not_clients" time="0.495" /><testcase classname="tests.test_api" name="test_activity_financial_visibility_and_idor" time="0.485" /><testcase classname="tests.test_api" name="test_admin_audit_records_actor_and_fields" time="0.136" /><testcase classname="tests.test_api" name="test_last_admin_guard" time="0.125" /><testcase classname="tests.test_api" name="test_disable_user_revokes_existing_sessions" time="0.624" /><testcase classname="tests.test_api" name="test_role_change_revokes_sessions_immediately" time="0.430" /><testcase classname="tests.test_api" name="test_reset_token_one_time_and_new_password" time="0.635" /><testcase classname="tests.test_api" name="test_expired_reset_token_rejected" time="0.440" /><testcase classname="tests.test_api" name="test_change_password_rotates_current_session_revokes_others" time="0.461" /><testcase classname="tests.test_api" name="test_logout_invalidates_server_session" time="0.135" /><testcase classname="tests.test_api" name="test_absolute_and_idle_session_expiry" time="0.129" /><testcase classname="tests.test_api" name="test_rate_limit_survives_clients" time="1.325" /><testcase classname="tests.test_api" name="test_backup_excludes_auth_and_restores_business_links" time="0.184" /><testcase classname="tests.test_api" name="test_import_legacy_visibility_conservative" time="0.497" /><testcase classname="tests.test_api" name="test_restore_detects_change_after_preview" time="0.165" /><testcase classname="tests.test_api" name="test_invalid_import_does_not_replace" time="0.152" /><testcase classname="tests.test_api" name="test_settings_revision_conflict" time="0.138" /><testcase classname="tests.test_api" name="test_unknown_and_polluting_properties_rejected" time="0.165" /><testcase classname="tests.test_api" name="test_static_allowlist_and_host_check" time="0.174" /><testcase classname="tests.test_api" name="test_request_size_limit" time="0.125" /><testcase classname="tests.test_backup" name="test_backup_json_and_full_db" time="0.140" /><testcase classname="tests.test_backup" name="test_business_only_backup" time="0.129" /><testcase classname="tests.test_backup" name="test_backup_retention_preserves_recovery_files" time="0.132" /><testcase classname="tests.test_backup" name="test_offline_full_restore_revokes_sessions_and_preserves_accounts" time="0.174" /><testcase classname="tests.test_backup" name="test_restore_requires_explicit_confirmation_and_stopped_server" time="0.116" /><testcase classname="tests.test_backup" name="test_restore_rejects_non_crm_database" time="0.146" /><testcase classname="tests.test_backup" name="test_failed_backup_does_not_publish_manifest" time="0.147" /><testcase classname="tests.test_backup" name="test_minimum_backup_retention" time="0.129" /><testcase classname="tests.test_backup" name="test_console_recovery_issues_audited_one_use_token" time="0.238" /><testcase classname="tests.test_launcher" name="test_launcher_http_setup_and_automatic_backup" time="1.715" /><testcase classname="tests.test_mono_pwa" name="test_public_resource_contract[/-text/html]" time="0.043" /><testcase classname="tests.test_mono_pwa" name="test_public_resource_contract[/offline.html-text/html]" time="0.021" /><testcase classname="tests.test_mono_pwa" name="test_public_resource_contract[/manifest.webmanifest-application/manifest+json]" time="0.020" /><testcase classname="tests.test_mono_pwa" name="test_public_resource_contract[/sw.js-application/javascript]" time="0.020" /><testcase classname="tests.test_mono_pwa" name="test_public_resource_contract[/assets/pwa.js-application/javascript]" time="0.019" /><testcase classname="tests.test_mono_pwa" name="test_public_resource_contract[/assets/styles.css-text/css]" time="0.019" /><testcase classname="tests.test_mono_pwa" name="test_public_resource_contract[/robots.txt-text/plain]" time="0.017" /><testcase classname="tests.test_mono_pwa" name="test_public_resource_contract[/icons/icon-192.png-image/png]" time="0.018" /><testcase classname="tests.test_mono_pwa" name="test_public_resource_contract[/icons/icon-512.png-image/png]" time="0.020" /><testcase classname="tests.test_mono_pwa" name="test_public_resource_contract[/icons/maskable-512.png-image/png]" time="0.020" /><testcase classname="tests.test_mono_pwa" name="test_public_resource_contract[/icons/apple-touch-icon.png-image/png]" time="0.020" /><testcase classname="tests.test_mono_pwa" name="test_public_resource_contract[/icons/favicon-32.png-image/png]" time="0.027" /><testcase classname="tests.test_mono_pwa" name="test_manifest_links_and_icon_dimensions" time="0.025" /><testcase classname="tests.test_mono_pwa" name="test_worker_scope_and_protected_data" time="0.030" /><testcase classname="tests.test_mono_pwa" name="test_manifest_in_html_and_brand_remains_monochrome" time="0.025" /><testcase classname="tests.test_mono_pwa" name="test_render_origin_is_derived_from_runtime_not_from_request" time="0.001" /><testcase classname="tests.test_mono_pwa" name="test_custom_domain_has_explicit_precedence" time="0.001" /><testcase classname="tests.test_mono_pwa" name="test_reject_noncanonical_origin[https://crm.example/path]" time="0.001" /><testcase classname="tests.test_mono_pwa" name="test_reject_noncanonical_origin[https://crm.example?token=x]" time="0.001" /><testcase classname="tests.test_mono_pwa" name="test_reject_noncanonical_origin[https://a:b@crm.example]" time="0.001" /><testcase classname="tests.test_mono_pwa" name="test_reject_noncanonical_origin[https://crm.example#x]" time="0.001" /><testcase classname="tests.test_mono_pwa" name="test_reject_noncanonical_origin[javascript:alert(1)]" time="0.001" /><testcase classname="tests.test_mono_pwa" name="test_reject_noncanonical_origin[crm.example]" time="0.001" /><testcase classname="tests.test_mono_pwa" name="test_production_refuses_wrong_database[sqlite:///test.db]" time="0.001" /><testcase classname="tests.test_mono_pwa" name="test_production_refuses_wrong_database[mysql://user:pass@db/crm]" time="0.001" /><testcase classname="tests.test_mono_pwa" name="test_production_refuses_plain_http" time="0.001" /><testcase classname="tests.test_mono_pwa" name="test_hosted_backup_mode_is_explicit" time="0.001" /><testcase classname="tests.test_mono_pwa" name="test_host_port_validation[abc]" time="0.000" /><testcase classname="tests.test_mono_pwa" name="test_host_port_validation[0]" time="0.000" /><testcase classname="tests.test_mono_pwa" name="test_host_port_validation[65536]" time="0.000" /><testcase classname="tests.test_mono_pwa" name="test_host_port_validation[-1]" time="0.000" /><testcase classname="tests.test_mono_pwa" name="test_host_port_and_default" time="0.001" /></testsuite></testsuites>